

Started GET "/" for ::1 at 2015-10-02 09:34:15 +0100

ActiveRecord::NoDatabaseError (FATAL:  database "Ralf" does not exist
):
  activerecord (4.2.4) lib/active_record/connection_adapters/postgresql_adapter.rb:665:in `rescue in connect'
  activerecord (4.2.4) lib/active_record/connection_adapters/postgresql_adapter.rb:655:in `connect'
  activerecord (4.2.4) lib/active_record/connection_adapters/postgresql_adapter.rb:242:in `initialize'
  activerecord (4.2.4) lib/active_record/connection_adapters/postgresql_adapter.rb:44:in `new'
  activerecord (4.2.4) lib/active_record/connection_adapters/postgresql_adapter.rb:44:in `postgresql_connection'
  activerecord (4.2.4) lib/active_record/connection_adapters/abstract/connection_pool.rb:438:in `new_connection'
  activerecord (4.2.4) lib/active_record/connection_adapters/abstract/connection_pool.rb:448:in `checkout_new_connection'
  activerecord (4.2.4) lib/active_record/connection_adapters/abstract/connection_pool.rb:422:in `acquire_connection'
  activerecord (4.2.4) lib/active_record/connection_adapters/abstract/connection_pool.rb:349:in `block in checkout'
  /Users/Ralf/.rvm/rubies/ruby-2.2.3/lib/ruby/2.2.0/monitor.rb:211:in `mon_synchronize'
  activerecord (4.2.4) lib/active_record/connection_adapters/abstract/connection_pool.rb:348:in `checkout'
  activerecord (4.2.4) lib/active_record/connection_adapters/abstract/connection_pool.rb:263:in `block in connection'
  /Users/Ralf/.rvm/rubies/ruby-2.2.3/lib/ruby/2.2.0/monitor.rb:211:in `mon_synchronize'
  activerecord (4.2.4) lib/active_record/connection_adapters/abstract/connection_pool.rb:262:in `connection'
  activerecord (4.2.4) lib/active_record/connection_adapters/abstract/connection_pool.rb:571:in `retrieve_connection'
  activerecord (4.2.4) lib/active_record/connection_handling.rb:113:in `retrieve_connection'
  activerecord (4.2.4) lib/active_record/connection_handling.rb:87:in `connection'
  activerecord (4.2.4) lib/active_record/migration.rb:383:in `connection'
  activerecord (4.2.4) lib/active_record/migration.rb:370:in `call'
  actionpack (4.2.4) lib/action_dispatch/middleware/callbacks.rb:29:in `block in call'
  activesupport (4.2.4) lib/active_support/callbacks.rb:88:in `__run_callbacks__'
  activesupport (4.2.4) lib/active_support/callbacks.rb:778:in `_run_call_callbacks'
  activesupport (4.2.4) lib/active_support/callbacks.rb:81:in `run_callbacks'
  actionpack (4.2.4) lib/action_dispatch/middleware/callbacks.rb:27:in `call'
  actionpack (4.2.4) lib/action_dispatch/middleware/reloader.rb:73:in `call'
  actionpack (4.2.4) lib/action_dispatch/middleware/remote_ip.rb:78:in `call'
  actionpack (4.2.4) lib/action_dispatch/middleware/debug_exceptions.rb:17:in `call'
  web-console (2.2.1) lib/web_console/middleware.rb:39:in `call'
  actionpack (4.2.4) lib/action_dispatch/middleware/show_exceptions.rb:30:in `call'
  railties (4.2.4) lib/rails/rack/logger.rb:38:in `call_app'
  railties (4.2.4) lib/rails/rack/logger.rb:20:in `block in call'
  activesupport (4.2.4) lib/active_support/tagged_logging.rb:68:in `block in tagged'
  activesupport (4.2.4) lib/active_support/tagged_logging.rb:26:in `tagged'
  activesupport (4.2.4) lib/active_support/tagged_logging.rb:68:in `tagged'
  railties (4.2.4) lib/rails/rack/logger.rb:20:in `call'
  request_store (1.2.0) lib/request_store/middleware.rb:8:in `call'
  actionpack (4.2.4) lib/action_dispatch/middleware/request_id.rb:21:in `call'
  rack (1.6.4) lib/rack/methodoverride.rb:22:in `call'
  rack (1.6.4) lib/rack/runtime.rb:18:in `call'
  activesupport (4.2.4) lib/active_support/cache/strategy/local_cache_middleware.rb:28:in `call'
  rack (1.6.4) lib/rack/lock.rb:17:in `call'
  actionpack (4.2.4) lib/action_dispatch/middleware/static.rb:116:in `call'
  rack (1.6.4) lib/rack/sendfile.rb:113:in `call'
  railties (4.2.4) lib/rails/engine.rb:518:in `call'
  railties (4.2.4) lib/rails/application.rb:165:in `call'
  rack (1.6.4) lib/rack/content_length.rb:15:in `call'
  puma (2.11.1) lib/puma/server.rb:507:in `handle_request'
  puma (2.11.1) lib/puma/server.rb:375:in `process_client'
  puma (2.11.1) lib/puma/server.rb:262:in `block in run'
  puma (2.11.1) lib/puma/thread_pool.rb:104:in `call'
  puma (2.11.1) lib/puma/thread_pool.rb:104:in `block in spawn_thread'


  Rendered /Users/Ralf/.rvm/gems/ruby-2.2.3@global/gems/actionpack-4.2.4/lib/action_dispatch/middleware/templates/rescues/_source.erb (2.3ms)
  Rendered /Users/Ralf/.rvm/gems/ruby-2.2.3@global/gems/actionpack-4.2.4/lib/action_dispatch/middleware/templates/rescues/_trace.html.erb (1.5ms)
  Rendered /Users/Ralf/.rvm/gems/ruby-2.2.3@global/gems/actionpack-4.2.4/lib/action_dispatch/middleware/templates/rescues/_request_and_response.html.erb (0.9ms)
  Rendered /Users/Ralf/.rvm/gems/ruby-2.2.3@global/gems/actionpack-4.2.4/lib/action_dispatch/middleware/templates/rescues/diagnostics.html.erb within rescues/layout (51.5ms)
  Rendered /Users/Ralf/.rvm/gems/ruby-2.2.3@global/gems/web-console-2.2.1/lib/web_console/templates/_markup.html.erb (0.3ms)
  Rendered /Users/Ralf/.rvm/gems/ruby-2.2.3@global/gems/web-console-2.2.1/lib/web_console/templates/_inner_console_markup.html.erb within layouts/inlined_string (0.3ms)
  Rendered /Users/Ralf/.rvm/gems/ruby-2.2.3@global/gems/web-console-2.2.1/lib/web_console/templates/_prompt_box_markup.html.erb within layouts/inlined_string (0.3ms)
  Rendered /Users/Ralf/.rvm/gems/ruby-2.2.3@global/gems/web-console-2.2.1/lib/web_console/templates/style.css.erb within layouts/inlined_string (0.3ms)
  Rendered /Users/Ralf/.rvm/gems/ruby-2.2.3@global/gems/web-console-2.2.1/lib/web_console/templates/console.js.erb within layouts/javascript (43.8ms)
  Rendered /Users/Ralf/.rvm/gems/ruby-2.2.3@global/gems/web-console-2.2.1/lib/web_console/templates/main.js.erb within layouts/javascript (0.3ms)
  Rendered /Users/Ralf/.rvm/gems/ruby-2.2.3@global/gems/web-console-2.2.1/lib/web_console/templates/error_page.js.erb within layouts/javascript (0.4ms)
  Rendered /Users/Ralf/.rvm/gems/ruby-2.2.3@global/gems/web-console-2.2.1/lib/web_console/templates/index.html.erb (99.8ms)
PG::UndefinedTable: ERROR:  relation "term_taxonomy" does not exist
LINE 5:                WHERE a.attrelid = '"term_taxonomy"'::regclas...
                                          ^
:               SELECT a.attname, format_type(a.atttypid, a.atttypmod),
                     pg_get_expr(d.adbin, d.adrelid), a.attnotnull, a.atttypid, a.atttypmod
                FROM pg_attribute a LEFT JOIN pg_attrdef d
                  ON a.attrelid = d.adrelid AND a.attnum = d.adnum
               WHERE a.attrelid = '"term_taxonomy"'::regclass
                 AND a.attnum > 0 AND NOT a.attisdropped
               ORDER BY a.attnum

PG::UndefinedTable: ERROR:  relation "term_taxonomy" does not exist
LINE 5:                WHERE a.attrelid = '"term_taxonomy"'::regclas...
                                          ^
:               SELECT a.attname, format_type(a.atttypid, a.atttypmod),
                     pg_get_expr(d.adbin, d.adrelid), a.attnotnull, a.atttypid, a.atttypmod
                FROM pg_attribute a LEFT JOIN pg_attrdef d
                  ON a.attrelid = d.adrelid AND a.attnum = d.adnum
               WHERE a.attrelid = '"term_taxonomy"'::regclass
                 AND a.attnum > 0 AND NOT a.attisdropped
               ORDER BY a.attnum



Started GET "/admin/installers" for ::1 at 2015-10-02 09:40:59 +0100
Processing by Admin::InstallersController#index as HTML
PG::UndefinedTable: ERROR:  relation "term_taxonomy" does not exist
LINE 5:                WHERE a.attrelid = '"term_taxonomy"'::regclas...
                                          ^
:               SELECT a.attname, format_type(a.atttypid, a.atttypmod),
                     pg_get_expr(d.adbin, d.adrelid), a.attnotnull, a.atttypid, a.atttypmod
                FROM pg_attribute a LEFT JOIN pg_attrdef d
                  ON a.attrelid = d.adrelid AND a.attnum = d.adnum
               WHERE a.attrelid = '"term_taxonomy"'::regclass
                 AND a.attnum > 0 AND NOT a.attisdropped
               ORDER BY a.attnum

Completed 500 Internal Server Error in 1ms (ActiveRecord: 0.8ms)

ActiveRecord::StatementInvalid (PG::UndefinedTable: ERROR:  relation "term_taxonomy" does not exist
LINE 5:                WHERE a.attrelid = '"term_taxonomy"'::regclas...
                                          ^
:               SELECT a.attname, format_type(a.atttypid, a.atttypmod),
                     pg_get_expr(d.adbin, d.adrelid), a.attnotnull, a.atttypid, a.atttypmod
                FROM pg_attribute a LEFT JOIN pg_attrdef d
                  ON a.attrelid = d.adrelid AND a.attnum = d.adnum
               WHERE a.attrelid = '"term_taxonomy"'::regclass
                 AND a.attnum > 0 AND NOT a.attisdropped
               ORDER BY a.attnum
):
  activerecord (4.2.4) lib/active_record/connection_adapters/postgresql_adapter.rb:596:in `async_exec'
  activerecord (4.2.4) lib/active_record/connection_adapters/postgresql_adapter.rb:596:in `block in exec_no_cache'
  activerecord (4.2.4) lib/active_record/connection_adapters/abstract_adapter.rb:473:in `block in log'
  activesupport (4.2.4) lib/active_support/notifications/instrumenter.rb:20:in `instrument'
  activerecord (4.2.4) lib/active_record/connection_adapters/abstract_adapter.rb:467:in `log'
  activerecord (4.2.4) lib/active_record/connection_adapters/postgresql_adapter.rb:596:in `exec_no_cache'
  activerecord (4.2.4) lib/active_record/connection_adapters/postgresql_adapter.rb:588:in `execute_and_clear'
  activerecord (4.2.4) lib/active_record/connection_adapters/postgresql/database_statements.rb:160:in `exec_query'
  activerecord (4.2.4) lib/active_record/connection_adapters/postgresql_adapter.rb:737:in `column_definitions'
  activerecord (4.2.4) lib/active_record/connection_adapters/postgresql/schema_statements.rb:186:in `columns'
  activerecord (4.2.4) lib/active_record/connection_adapters/schema_cache.rb:43:in `columns'
  activerecord (4.2.4) lib/active_record/attributes.rb:93:in `columns'
  activerecord (4.2.4) lib/active_record/attributes.rb:98:in `columns_hash'
  activerecord (4.2.4) lib/active_record/inheritance.rb:73:in `descends_from_active_record?'
  activerecord (4.2.4) lib/active_record/inheritance.rb:79:in `finder_needs_type_condition?'
  activerecord (4.2.4) lib/active_record/core.rb:256:in `relation'
  activerecord (4.2.4) lib/active_record/scoping/named.rb:33:in `default_scoped'
  activerecord (4.2.4) lib/active_record/scoping/named.rb:28:in `all'
  camaleon_cms (1.0.3) app/helpers/site_helper.rb:15:in `current_site'
  camaleon_cms (1.0.3) app/controllers/camaleon_controller.rb:84:in `load_custom_models'
  activesupport (4.2.4) lib/active_support/callbacks.rb:432:in `block in make_lambda'
  activesupport (4.2.4) lib/active_support/callbacks.rb:164:in `call'
  activesupport (4.2.4) lib/active_support/callbacks.rb:164:in `block in halting'
  activesupport (4.2.4) lib/active_support/callbacks.rb:504:in `call'
  activesupport (4.2.4) lib/active_support/callbacks.rb:504:in `block in call'
  activesupport (4.2.4) lib/active_support/callbacks.rb:504:in `each'
  activesupport (4.2.4) lib/active_support/callbacks.rb:504:in `call'
  activesupport (4.2.4) lib/active_support/callbacks.rb:92:in `__run_callbacks__'
  activesupport (4.2.4) lib/active_support/callbacks.rb:778:in `_run_process_action_callbacks'
  activesupport (4.2.4) lib/active_support/callbacks.rb:81:in `run_callbacks'
  actionpack (4.2.4) lib/abstract_controller/callbacks.rb:19:in `process_action'
  actionpack (4.2.4) lib/action_controller/metal/rescue.rb:29:in `process_action'
  actionpack (4.2.4) lib/action_controller/metal/instrumentation.rb:32:in `block in process_action'
  activesupport (4.2.4) lib/active_support/notifications.rb:164:in `block in instrument'
  activesupport (4.2.4) lib/active_support/notifications/instrumenter.rb:20:in `instrument'
  activesupport (4.2.4) lib/active_support/notifications.rb:164:in `instrument'
  actionpack (4.2.4) lib/action_controller/metal/instrumentation.rb:30:in `process_action'
  actionpack (4.2.4) lib/action_controller/metal/params_wrapper.rb:250:in `process_action'
  activerecord (4.2.4) lib/active_record/railties/controller_runtime.rb:18:in `process_action'
  actionpack (4.2.4) lib/abstract_controller/base.rb:137:in `process'
  actionview (4.2.4) lib/action_view/rendering.rb:30:in `process'
  actionpack (4.2.4) lib/action_controller/metal.rb:196:in `dispatch'
  actionpack (4.2.4) lib/action_controller/metal/rack_delegation.rb:13:in `dispatch'
  actionpack (4.2.4) lib/action_controller/metal.rb:237:in `block in action'
  actionpack (4.2.4) lib/action_dispatch/routing/route_set.rb:76:in `call'
  actionpack (4.2.4) lib/action_dispatch/routing/route_set.rb:76:in `dispatch'
  actionpack (4.2.4) lib/action_dispatch/routing/route_set.rb:45:in `serve'
  actionpack (4.2.4) lib/action_dispatch/journey/router.rb:43:in `block in serve'
  actionpack (4.2.4) lib/action_dispatch/journey/router.rb:30:in `each'
  actionpack (4.2.4) lib/action_dispatch/journey/router.rb:30:in `serve'
  actionpack (4.2.4) lib/action_dispatch/routing/route_set.rb:821:in `call'
  rack (1.6.4) lib/rack/etag.rb:24:in `call'
  rack (1.6.4) lib/rack/conditionalget.rb:25:in `call'
  rack (1.6.4) lib/rack/head.rb:13:in `call'
  actionpack (4.2.4) lib/action_dispatch/middleware/params_parser.rb:27:in `call'
  actionpack (4.2.4) lib/action_dispatch/middleware/flash.rb:260:in `call'
  rack (1.6.4) lib/rack/session/abstract/id.rb:225:in `context'
  rack (1.6.4) lib/rack/session/abstract/id.rb:220:in `call'
  actionpack (4.2.4) lib/action_dispatch/middleware/cookies.rb:560:in `call'
  activerecord (4.2.4) lib/active_record/query_cache.rb:36:in `call'
  activerecord (4.2.4) lib/active_record/connection_adapters/abstract/connection_pool.rb:653:in `call'
  activerecord (4.2.4) lib/active_record/migration.rb:377:in `call'
  actionpack (4.2.4) lib/action_dispatch/middleware/callbacks.rb:29:in `block in call'
  activesupport (4.2.4) lib/active_support/callbacks.rb:88:in `__run_callbacks__'
  activesupport (4.2.4) lib/active_support/callbacks.rb:778:in `_run_call_callbacks'
  activesupport (4.2.4) lib/active_support/callbacks.rb:81:in `run_callbacks'
  actionpack (4.2.4) lib/action_dispatch/middleware/callbacks.rb:27:in `call'
  actionpack (4.2.4) lib/action_dispatch/middleware/reloader.rb:73:in `call'
  actionpack (4.2.4) lib/action_dispatch/middleware/remote_ip.rb:78:in `call'
  actionpack (4.2.4) lib/action_dispatch/middleware/debug_exceptions.rb:17:in `call'
  web-console (2.2.1) lib/web_console/middleware.rb:39:in `call'
  actionpack (4.2.4) lib/action_dispatch/middleware/show_exceptions.rb:30:in `call'
  railties (4.2.4) lib/rails/rack/logger.rb:38:in `call_app'
  railties (4.2.4) lib/rails/rack/logger.rb:20:in `block in call'
  activesupport (4.2.4) lib/active_support/tagged_logging.rb:68:in `block in tagged'
  activesupport (4.2.4) lib/active_support/tagged_logging.rb:26:in `tagged'
  activesupport (4.2.4) lib/active_support/tagged_logging.rb:68:in `tagged'
  railties (4.2.4) lib/rails/rack/logger.rb:20:in `call'
  request_store (1.2.0) lib/request_store/middleware.rb:8:in `call'
  actionpack (4.2.4) lib/action_dispatch/middleware/request_id.rb:21:in `call'
  rack (1.6.4) lib/rack/methodoverride.rb:22:in `call'
  rack (1.6.4) lib/rack/runtime.rb:18:in `call'
  activesupport (4.2.4) lib/active_support/cache/strategy/local_cache_middleware.rb:28:in `call'
  rack (1.6.4) lib/rack/lock.rb:17:in `call'
  actionpack (4.2.4) lib/action_dispatch/middleware/static.rb:116:in `call'
  rack (1.6.4) lib/rack/sendfile.rb:113:in `call'
  railties (4.2.4) lib/rails/engine.rb:518:in `call'
  railties (4.2.4) lib/rails/application.rb:165:in `call'
  rack (1.6.4) lib/rack/content_length.rb:15:in `call'
  puma (2.11.1) lib/puma/server.rb:507:in `handle_request'
  puma (2.11.1) lib/puma/server.rb:375:in `process_client'
  puma (2.11.1) lib/puma/server.rb:262:in `block in run'
  puma (2.11.1) lib/puma/thread_pool.rb:104:in `call'
  puma (2.11.1) lib/puma/thread_pool.rb:104:in `block in spawn_thread'


  Rendered /Users/Ralf/.rvm/gems/ruby-2.2.3@global/gems/actionpack-4.2.4/lib/action_dispatch/middleware/templates/rescues/_source.erb (4.1ms)
  Rendered /Users/Ralf/.rvm/gems/ruby-2.2.3@global/gems/actionpack-4.2.4/lib/action_dispatch/middleware/templates/rescues/_trace.html.erb (1.7ms)
  Rendered /Users/Ralf/.rvm/gems/ruby-2.2.3@global/gems/actionpack-4.2.4/lib/action_dispatch/middleware/templates/rescues/_request_and_response.html.erb (17.5ms)
  Rendered /Users/Ralf/.rvm/gems/ruby-2.2.3@global/gems/actionpack-4.2.4/lib/action_dispatch/middleware/templates/rescues/diagnostics.html.erb within rescues/layout (75.7ms)
  Rendered /Users/Ralf/.rvm/gems/ruby-2.2.3@global/gems/web-console-2.2.1/lib/web_console/templates/_markup.html.erb (0.3ms)
  Rendered /Users/Ralf/.rvm/gems/ruby-2.2.3@global/gems/web-console-2.2.1/lib/web_console/templates/_inner_console_markup.html.erb within layouts/inlined_string (0.3ms)
  Rendered /Users/Ralf/.rvm/gems/ruby-2.2.3@global/gems/web-console-2.2.1/lib/web_console/templates/_prompt_box_markup.html.erb within layouts/inlined_string (0.4ms)
  Rendered /Users/Ralf/.rvm/gems/ruby-2.2.3@global/gems/web-console-2.2.1/lib/web_console/templates/style.css.erb within layouts/inlined_string (0.3ms)
  Rendered /Users/Ralf/.rvm/gems/ruby-2.2.3@global/gems/web-console-2.2.1/lib/web_console/templates/console.js.erb within layouts/javascript (43.0ms)
  Rendered /Users/Ralf/.rvm/gems/ruby-2.2.3@global/gems/web-console-2.2.1/lib/web_console/templates/main.js.erb within layouts/javascript (0.3ms)
  Rendered /Users/Ralf/.rvm/gems/ruby-2.2.3@global/gems/web-console-2.2.1/lib/web_console/templates/error_page.js.erb within layouts/javascript (0.3ms)
  Rendered /Users/Ralf/.rvm/gems/ruby-2.2.3@global/gems/web-console-2.2.1/lib/web_console/templates/index.html.erb (121.2ms)
PG::UndefinedTable: ERROR:  relation "term_taxonomy" does not exist
LINE 5:                WHERE a.attrelid = '"term_taxonomy"'::regclas...
                                          ^
:               SELECT a.attname, format_type(a.atttypid, a.atttypmod),
                     pg_get_expr(d.adbin, d.adrelid), a.attnotnull, a.atttypid, a.atttypmod
                FROM pg_attribute a LEFT JOIN pg_attrdef d
                  ON a.attrelid = d.adrelid AND a.attnum = d.adnum
               WHERE a.attrelid = '"term_taxonomy"'::regclass
                 AND a.attnum > 0 AND NOT a.attisdropped
               ORDER BY a.attnum

PG::UndefinedTable: ERROR:  relation "term_taxonomy" does not exist
LINE 5:                WHERE a.attrelid = '"term_taxonomy"'::regclas...
                                          ^
:               SELECT a.attname, format_type(a.atttypid, a.atttypmod),
                     pg_get_expr(d.adbin, d.adrelid), a.attnotnull, a.atttypid, a.atttypmod
                FROM pg_attribute a LEFT JOIN pg_attrdef d
                  ON a.attrelid = d.adrelid AND a.attnum = d.adnum
               WHERE a.attrelid = '"term_taxonomy"'::regclass
                 AND a.attnum > 0 AND NOT a.attisdropped
               ORDER BY a.attnum



Started GET "/" for ::1 at 2015-10-02 09:42:42 +0100
Processing by FrontendController#index as HTML
  Parameters: {"locale"=>""}
PG::UndefinedTable: ERROR:  relation "term_taxonomy" does not exist
LINE 5:                WHERE a.attrelid = '"term_taxonomy"'::regclas...
                                          ^
:               SELECT a.attname, format_type(a.atttypid, a.atttypmod),
                     pg_get_expr(d.adbin, d.adrelid), a.attnotnull, a.atttypid, a.atttypmod
                FROM pg_attribute a LEFT JOIN pg_attrdef d
                  ON a.attrelid = d.adrelid AND a.attnum = d.adnum
               WHERE a.attrelid = '"term_taxonomy"'::regclass
                 AND a.attnum > 0 AND NOT a.attisdropped
               ORDER BY a.attnum

Completed 500 Internal Server Error in 2ms (ActiveRecord: 0.7ms)

ActiveRecord::StatementInvalid (PG::UndefinedTable: ERROR:  relation "term_taxonomy" does not exist
LINE 5:                WHERE a.attrelid = '"term_taxonomy"'::regclas...
                                          ^
:               SELECT a.attname, format_type(a.atttypid, a.atttypmod),
                     pg_get_expr(d.adbin, d.adrelid), a.attnotnull, a.atttypid, a.atttypmod
                FROM pg_attribute a LEFT JOIN pg_attrdef d
                  ON a.attrelid = d.adrelid AND a.attnum = d.adnum
               WHERE a.attrelid = '"term_taxonomy"'::regclass
                 AND a.attnum > 0 AND NOT a.attisdropped
               ORDER BY a.attnum
):
  activerecord (4.2.4) lib/active_record/connection_adapters/postgresql_adapter.rb:596:in `async_exec'
  activerecord (4.2.4) lib/active_record/connection_adapters/postgresql_adapter.rb:596:in `block in exec_no_cache'
  activerecord (4.2.4) lib/active_record/connection_adapters/abstract_adapter.rb:473:in `block in log'
  activesupport (4.2.4) lib/active_support/notifications/instrumenter.rb:20:in `instrument'
  activerecord (4.2.4) lib/active_record/connection_adapters/abstract_adapter.rb:467:in `log'
  activerecord (4.2.4) lib/active_record/connection_adapters/postgresql_adapter.rb:596:in `exec_no_cache'
  activerecord (4.2.4) lib/active_record/connection_adapters/postgresql_adapter.rb:588:in `execute_and_clear'
  activerecord (4.2.4) lib/active_record/connection_adapters/postgresql/database_statements.rb:160:in `exec_query'
  activerecord (4.2.4) lib/active_record/connection_adapters/postgresql_adapter.rb:737:in `column_definitions'
  activerecord (4.2.4) lib/active_record/connection_adapters/postgresql/schema_statements.rb:186:in `columns'
  activerecord (4.2.4) lib/active_record/connection_adapters/schema_cache.rb:43:in `columns'
  activerecord (4.2.4) lib/active_record/attributes.rb:93:in `columns'
  activerecord (4.2.4) lib/active_record/attributes.rb:98:in `columns_hash'
  activerecord (4.2.4) lib/active_record/inheritance.rb:73:in `descends_from_active_record?'
  activerecord (4.2.4) lib/active_record/inheritance.rb:79:in `finder_needs_type_condition?'
  activerecord (4.2.4) lib/active_record/core.rb:256:in `relation'
  activerecord (4.2.4) lib/active_record/scoping/named.rb:33:in `default_scoped'
  activerecord (4.2.4) lib/active_record/scoping/named.rb:28:in `all'
  camaleon_cms (1.0.3) app/helpers/site_helper.rb:15:in `current_site'
  camaleon_cms (1.0.3) app/helpers/site_helper.rb:39:in `site_check_existence'
  activesupport (4.2.4) lib/active_support/callbacks.rb:432:in `block in make_lambda'
  activesupport (4.2.4) lib/active_support/callbacks.rb:164:in `call'
  activesupport (4.2.4) lib/active_support/callbacks.rb:164:in `block in halting'
  activesupport (4.2.4) lib/active_support/callbacks.rb:504:in `call'
  activesupport (4.2.4) lib/active_support/callbacks.rb:504:in `block in call'
  activesupport (4.2.4) lib/active_support/callbacks.rb:504:in `each'
  activesupport (4.2.4) lib/active_support/callbacks.rb:504:in `call'
  activesupport (4.2.4) lib/active_support/callbacks.rb:92:in `__run_callbacks__'
  activesupport (4.2.4) lib/active_support/callbacks.rb:778:in `_run_process_action_callbacks'
  activesupport (4.2.4) lib/active_support/callbacks.rb:81:in `run_callbacks'
  actionpack (4.2.4) lib/abstract_controller/callbacks.rb:19:in `process_action'
  actionpack (4.2.4) lib/action_controller/metal/rescue.rb:29:in `process_action'
  actionpack (4.2.4) lib/action_controller/metal/instrumentation.rb:32:in `block in process_action'
  activesupport (4.2.4) lib/active_support/notifications.rb:164:in `block in instrument'
  activesupport (4.2.4) lib/active_support/notifications/instrumenter.rb:20:in `instrument'
  activesupport (4.2.4) lib/active_support/notifications.rb:164:in `instrument'
  actionpack (4.2.4) lib/action_controller/metal/instrumentation.rb:30:in `process_action'
  actionpack (4.2.4) lib/action_controller/metal/params_wrapper.rb:250:in `process_action'
  activerecord (4.2.4) lib/active_record/railties/controller_runtime.rb:18:in `process_action'
  actionpack (4.2.4) lib/abstract_controller/base.rb:137:in `process'
  actionview (4.2.4) lib/action_view/rendering.rb:30:in `process'
  actionpack (4.2.4) lib/action_controller/metal.rb:196:in `dispatch'
  actionpack (4.2.4) lib/action_controller/metal/rack_delegation.rb:13:in `dispatch'
  actionpack (4.2.4) lib/action_controller/metal.rb:237:in `block in action'
  actionpack (4.2.4) lib/action_dispatch/routing/route_set.rb:76:in `call'
  actionpack (4.2.4) lib/action_dispatch/routing/route_set.rb:76:in `dispatch'
  actionpack (4.2.4) lib/action_dispatch/routing/route_set.rb:45:in `serve'
  actionpack (4.2.4) lib/action_dispatch/journey/router.rb:43:in `block in serve'
  actionpack (4.2.4) lib/action_dispatch/journey/router.rb:30:in `each'
  actionpack (4.2.4) lib/action_dispatch/journey/router.rb:30:in `serve'
  actionpack (4.2.4) lib/action_dispatch/routing/route_set.rb:821:in `call'
  rack (1.6.4) lib/rack/etag.rb:24:in `call'
  rack (1.6.4) lib/rack/conditionalget.rb:25:in `call'
  rack (1.6.4) lib/rack/head.rb:13:in `call'
  actionpack (4.2.4) lib/action_dispatch/middleware/params_parser.rb:27:in `call'
  actionpack (4.2.4) lib/action_dispatch/middleware/flash.rb:260:in `call'
  rack (1.6.4) lib/rack/session/abstract/id.rb:225:in `context'
  rack (1.6.4) lib/rack/session/abstract/id.rb:220:in `call'
  actionpack (4.2.4) lib/action_dispatch/middleware/cookies.rb:560:in `call'
  activerecord (4.2.4) lib/active_record/query_cache.rb:36:in `call'
  activerecord (4.2.4) lib/active_record/connection_adapters/abstract/connection_pool.rb:653:in `call'
  activerecord (4.2.4) lib/active_record/migration.rb:377:in `call'
  actionpack (4.2.4) lib/action_dispatch/middleware/callbacks.rb:29:in `block in call'
  activesupport (4.2.4) lib/active_support/callbacks.rb:88:in `__run_callbacks__'
  activesupport (4.2.4) lib/active_support/callbacks.rb:778:in `_run_call_callbacks'
  activesupport (4.2.4) lib/active_support/callbacks.rb:81:in `run_callbacks'
  actionpack (4.2.4) lib/action_dispatch/middleware/callbacks.rb:27:in `call'
  actionpack (4.2.4) lib/action_dispatch/middleware/reloader.rb:73:in `call'
  actionpack (4.2.4) lib/action_dispatch/middleware/remote_ip.rb:78:in `call'
  actionpack (4.2.4) lib/action_dispatch/middleware/debug_exceptions.rb:17:in `call'
  web-console (2.2.1) lib/web_console/middleware.rb:39:in `call'
  actionpack (4.2.4) lib/action_dispatch/middleware/show_exceptions.rb:30:in `call'
  railties (4.2.4) lib/rails/rack/logger.rb:38:in `call_app'
  railties (4.2.4) lib/rails/rack/logger.rb:20:in `block in call'
  activesupport (4.2.4) lib/active_support/tagged_logging.rb:68:in `block in tagged'
  activesupport (4.2.4) lib/active_support/tagged_logging.rb:26:in `tagged'
  activesupport (4.2.4) lib/active_support/tagged_logging.rb:68:in `tagged'
  railties (4.2.4) lib/rails/rack/logger.rb:20:in `call'
  request_store (1.2.0) lib/request_store/middleware.rb:8:in `call'
  actionpack (4.2.4) lib/action_dispatch/middleware/request_id.rb:21:in `call'
  rack (1.6.4) lib/rack/methodoverride.rb:22:in `call'
  rack (1.6.4) lib/rack/runtime.rb:18:in `call'
  activesupport (4.2.4) lib/active_support/cache/strategy/local_cache_middleware.rb:28:in `call'
  rack (1.6.4) lib/rack/lock.rb:17:in `call'
  actionpack (4.2.4) lib/action_dispatch/middleware/static.rb:116:in `call'
  rack (1.6.4) lib/rack/sendfile.rb:113:in `call'
  railties (4.2.4) lib/rails/engine.rb:518:in `call'
  railties (4.2.4) lib/rails/application.rb:165:in `call'
  rack (1.6.4) lib/rack/content_length.rb:15:in `call'
  puma (2.11.1) lib/puma/server.rb:507:in `handle_request'
  puma (2.11.1) lib/puma/server.rb:375:in `process_client'
  puma (2.11.1) lib/puma/server.rb:262:in `block in run'
  puma (2.11.1) lib/puma/thread_pool.rb:104:in `call'
  puma (2.11.1) lib/puma/thread_pool.rb:104:in `block in spawn_thread'


  Rendered /Users/Ralf/.rvm/gems/ruby-2.2.3@global/gems/actionpack-4.2.4/lib/action_dispatch/middleware/templates/rescues/_source.erb (4.0ms)
  Rendered /Users/Ralf/.rvm/gems/ruby-2.2.3@global/gems/actionpack-4.2.4/lib/action_dispatch/middleware/templates/rescues/_trace.html.erb (1.9ms)
  Rendered /Users/Ralf/.rvm/gems/ruby-2.2.3@global/gems/actionpack-4.2.4/lib/action_dispatch/middleware/templates/rescues/_request_and_response.html.erb (8.9ms)
  Rendered /Users/Ralf/.rvm/gems/ruby-2.2.3@global/gems/actionpack-4.2.4/lib/action_dispatch/middleware/templates/rescues/diagnostics.html.erb within rescues/layout (65.8ms)
  Rendered /Users/Ralf/.rvm/gems/ruby-2.2.3@global/gems/web-console-2.2.1/lib/web_console/templates/_markup.html.erb (0.3ms)
  Rendered /Users/Ralf/.rvm/gems/ruby-2.2.3@global/gems/web-console-2.2.1/lib/web_console/templates/_inner_console_markup.html.erb within layouts/inlined_string (0.3ms)
  Rendered /Users/Ralf/.rvm/gems/ruby-2.2.3@global/gems/web-console-2.2.1/lib/web_console/templates/_prompt_box_markup.html.erb within layouts/inlined_string (0.2ms)
  Rendered /Users/Ralf/.rvm/gems/ruby-2.2.3@global/gems/web-console-2.2.1/lib/web_console/templates/style.css.erb within layouts/inlined_string (0.3ms)
  Rendered /Users/Ralf/.rvm/gems/ruby-2.2.3@global/gems/web-console-2.2.1/lib/web_console/templates/console.js.erb within layouts/javascript (41.5ms)
  Rendered /Users/Ralf/.rvm/gems/ruby-2.2.3@global/gems/web-console-2.2.1/lib/web_console/templates/main.js.erb within layouts/javascript (0.3ms)
  Rendered /Users/Ralf/.rvm/gems/ruby-2.2.3@global/gems/web-console-2.2.1/lib/web_console/templates/error_page.js.erb within layouts/javascript (0.4ms)
  Rendered /Users/Ralf/.rvm/gems/ruby-2.2.3@global/gems/web-console-2.2.1/lib/web_console/templates/index.html.erb (96.5ms)


Started GET "/" for ::1 at 2015-10-02 09:42:45 +0100
Processing by FrontendController#index as HTML
  Parameters: {"locale"=>""}
PG::UndefinedTable: ERROR:  relation "term_taxonomy" does not exist
LINE 5:                WHERE a.attrelid = '"term_taxonomy"'::regclas...
                                          ^
:               SELECT a.attname, format_type(a.atttypid, a.atttypmod),
                     pg_get_expr(d.adbin, d.adrelid), a.attnotnull, a.atttypid, a.atttypmod
                FROM pg_attribute a LEFT JOIN pg_attrdef d
                  ON a.attrelid = d.adrelid AND a.attnum = d.adnum
               WHERE a.attrelid = '"term_taxonomy"'::regclass
                 AND a.attnum > 0 AND NOT a.attisdropped
               ORDER BY a.attnum

Completed 500 Internal Server Error in 1ms (ActiveRecord: 0.6ms)

ActiveRecord::StatementInvalid (PG::UndefinedTable: ERROR:  relation "term_taxonomy" does not exist
LINE 5:                WHERE a.attrelid = '"term_taxonomy"'::regclas...
                                          ^
:               SELECT a.attname, format_type(a.atttypid, a.atttypmod),
                     pg_get_expr(d.adbin, d.adrelid), a.attnotnull, a.atttypid, a.atttypmod
                FROM pg_attribute a LEFT JOIN pg_attrdef d
                  ON a.attrelid = d.adrelid AND a.attnum = d.adnum
               WHERE a.attrelid = '"term_taxonomy"'::regclass
                 AND a.attnum > 0 AND NOT a.attisdropped
               ORDER BY a.attnum
):
  activerecord (4.2.4) lib/active_record/connection_adapters/postgresql_adapter.rb:596:in `async_exec'
  activerecord (4.2.4) lib/active_record/connection_adapters/postgresql_adapter.rb:596:in `block in exec_no_cache'
  activerecord (4.2.4) lib/active_record/connection_adapters/abstract_adapter.rb:473:in `block in log'
  activesupport (4.2.4) lib/active_support/notifications/instrumenter.rb:20:in `instrument'
  activerecord (4.2.4) lib/active_record/connection_adapters/abstract_adapter.rb:467:in `log'
  activerecord (4.2.4) lib/active_record/connection_adapters/postgresql_adapter.rb:596:in `exec_no_cache'
  activerecord (4.2.4) lib/active_record/connection_adapters/postgresql_adapter.rb:588:in `execute_and_clear'
  activerecord (4.2.4) lib/active_record/connection_adapters/postgresql/database_statements.rb:160:in `exec_query'
  activerecord (4.2.4) lib/active_record/connection_adapters/postgresql_adapter.rb:737:in `column_definitions'
  activerecord (4.2.4) lib/active_record/connection_adapters/postgresql/schema_statements.rb:186:in `columns'
  activerecord (4.2.4) lib/active_record/connection_adapters/schema_cache.rb:43:in `columns'
  activerecord (4.2.4) lib/active_record/attributes.rb:93:in `columns'
  activerecord (4.2.4) lib/active_record/attributes.rb:98:in `columns_hash'
  activerecord (4.2.4) lib/active_record/inheritance.rb:73:in `descends_from_active_record?'
  activerecord (4.2.4) lib/active_record/inheritance.rb:79:in `finder_needs_type_condition?'
  activerecord (4.2.4) lib/active_record/core.rb:256:in `relation'
  activerecord (4.2.4) lib/active_record/scoping/named.rb:33:in `default_scoped'
  activerecord (4.2.4) lib/active_record/scoping/named.rb:28:in `all'
  camaleon_cms (1.0.3) app/helpers/site_helper.rb:15:in `current_site'
  camaleon_cms (1.0.3) app/helpers/site_helper.rb:39:in `site_check_existence'
  activesupport (4.2.4) lib/active_support/callbacks.rb:432:in `block in make_lambda'
  activesupport (4.2.4) lib/active_support/callbacks.rb:164:in `call'
  activesupport (4.2.4) lib/active_support/callbacks.rb:164:in `block in halting'
  activesupport (4.2.4) lib/active_support/callbacks.rb:504:in `call'
  activesupport (4.2.4) lib/active_support/callbacks.rb:504:in `block in call'
  activesupport (4.2.4) lib/active_support/callbacks.rb:504:in `each'
  activesupport (4.2.4) lib/active_support/callbacks.rb:504:in `call'
  activesupport (4.2.4) lib/active_support/callbacks.rb:92:in `__run_callbacks__'
  activesupport (4.2.4) lib/active_support/callbacks.rb:778:in `_run_process_action_callbacks'
  activesupport (4.2.4) lib/active_support/callbacks.rb:81:in `run_callbacks'
  actionpack (4.2.4) lib/abstract_controller/callbacks.rb:19:in `process_action'
  actionpack (4.2.4) lib/action_controller/metal/rescue.rb:29:in `process_action'
  actionpack (4.2.4) lib/action_controller/metal/instrumentation.rb:32:in `block in process_action'
  activesupport (4.2.4) lib/active_support/notifications.rb:164:in `block in instrument'
  activesupport (4.2.4) lib/active_support/notifications/instrumenter.rb:20:in `instrument'
  activesupport (4.2.4) lib/active_support/notifications.rb:164:in `instrument'
  actionpack (4.2.4) lib/action_controller/metal/instrumentation.rb:30:in `process_action'
  actionpack (4.2.4) lib/action_controller/metal/params_wrapper.rb:250:in `process_action'
  activerecord (4.2.4) lib/active_record/railties/controller_runtime.rb:18:in `process_action'
  actionpack (4.2.4) lib/abstract_controller/base.rb:137:in `process'
  actionview (4.2.4) lib/action_view/rendering.rb:30:in `process'
  actionpack (4.2.4) lib/action_controller/metal.rb:196:in `dispatch'
  actionpack (4.2.4) lib/action_controller/metal/rack_delegation.rb:13:in `dispatch'
  actionpack (4.2.4) lib/action_controller/metal.rb:237:in `block in action'
  actionpack (4.2.4) lib/action_dispatch/routing/route_set.rb:76:in `call'
  actionpack (4.2.4) lib/action_dispatch/routing/route_set.rb:76:in `dispatch'
  actionpack (4.2.4) lib/action_dispatch/routing/route_set.rb:45:in `serve'
  actionpack (4.2.4) lib/action_dispatch/journey/router.rb:43:in `block in serve'
  actionpack (4.2.4) lib/action_dispatch/journey/router.rb:30:in `each'
  actionpack (4.2.4) lib/action_dispatch/journey/router.rb:30:in `serve'
  actionpack (4.2.4) lib/action_dispatch/routing/route_set.rb:821:in `call'
  rack (1.6.4) lib/rack/etag.rb:24:in `call'
  rack (1.6.4) lib/rack/conditionalget.rb:25:in `call'
  rack (1.6.4) lib/rack/head.rb:13:in `call'
  actionpack (4.2.4) lib/action_dispatch/middleware/params_parser.rb:27:in `call'
  actionpack (4.2.4) lib/action_dispatch/middleware/flash.rb:260:in `call'
  rack (1.6.4) lib/rack/session/abstract/id.rb:225:in `context'
  rack (1.6.4) lib/rack/session/abstract/id.rb:220:in `call'
  actionpack (4.2.4) lib/action_dispatch/middleware/cookies.rb:560:in `call'
  activerecord (4.2.4) lib/active_record/query_cache.rb:36:in `call'
  activerecord (4.2.4) lib/active_record/connection_adapters/abstract/connection_pool.rb:653:in `call'
  activerecord (4.2.4) lib/active_record/migration.rb:377:in `call'
  actionpack (4.2.4) lib/action_dispatch/middleware/callbacks.rb:29:in `block in call'
  activesupport (4.2.4) lib/active_support/callbacks.rb:88:in `__run_callbacks__'
  activesupport (4.2.4) lib/active_support/callbacks.rb:778:in `_run_call_callbacks'
  activesupport (4.2.4) lib/active_support/callbacks.rb:81:in `run_callbacks'
  actionpack (4.2.4) lib/action_dispatch/middleware/callbacks.rb:27:in `call'
  actionpack (4.2.4) lib/action_dispatch/middleware/reloader.rb:73:in `call'
  actionpack (4.2.4) lib/action_dispatch/middleware/remote_ip.rb:78:in `call'
  actionpack (4.2.4) lib/action_dispatch/middleware/debug_exceptions.rb:17:in `call'
  web-console (2.2.1) lib/web_console/middleware.rb:39:in `call'
  actionpack (4.2.4) lib/action_dispatch/middleware/show_exceptions.rb:30:in `call'
  railties (4.2.4) lib/rails/rack/logger.rb:38:in `call_app'
  railties (4.2.4) lib/rails/rack/logger.rb:20:in `block in call'
  activesupport (4.2.4) lib/active_support/tagged_logging.rb:68:in `block in tagged'
  activesupport (4.2.4) lib/active_support/tagged_logging.rb:26:in `tagged'
  activesupport (4.2.4) lib/active_support/tagged_logging.rb:68:in `tagged'
  railties (4.2.4) lib/rails/rack/logger.rb:20:in `call'
  request_store (1.2.0) lib/request_store/middleware.rb:8:in `call'
  actionpack (4.2.4) lib/action_dispatch/middleware/request_id.rb:21:in `call'
  rack (1.6.4) lib/rack/methodoverride.rb:22:in `call'
  rack (1.6.4) lib/rack/runtime.rb:18:in `call'
  activesupport (4.2.4) lib/active_support/cache/strategy/local_cache_middleware.rb:28:in `call'
  rack (1.6.4) lib/rack/lock.rb:17:in `call'
  actionpack (4.2.4) lib/action_dispatch/middleware/static.rb:116:in `call'
  rack (1.6.4) lib/rack/sendfile.rb:113:in `call'
  railties (4.2.4) lib/rails/engine.rb:518:in `call'
  railties (4.2.4) lib/rails/application.rb:165:in `call'
  rack (1.6.4) lib/rack/content_length.rb:15:in `call'
  puma (2.11.1) lib/puma/server.rb:507:in `handle_request'
  puma (2.11.1) lib/puma/server.rb:375:in `process_client'
  puma (2.11.1) lib/puma/server.rb:262:in `block in run'
  puma (2.11.1) lib/puma/thread_pool.rb:104:in `call'
  puma (2.11.1) lib/puma/thread_pool.rb:104:in `block in spawn_thread'


  Rendered /Users/Ralf/.rvm/gems/ruby-2.2.3@global/gems/actionpack-4.2.4/lib/action_dispatch/middleware/templates/rescues/_source.erb (4.0ms)
  Rendered /Users/Ralf/.rvm/gems/ruby-2.2.3@global/gems/actionpack-4.2.4/lib/action_dispatch/middleware/templates/rescues/_trace.html.erb (2.0ms)
  Rendered /Users/Ralf/.rvm/gems/ruby-2.2.3@global/gems/actionpack-4.2.4/lib/action_dispatch/middleware/templates/rescues/_request_and_response.html.erb (0.8ms)
  Rendered /Users/Ralf/.rvm/gems/ruby-2.2.3@global/gems/actionpack-4.2.4/lib/action_dispatch/middleware/templates/rescues/diagnostics.html.erb within rescues/layout (47.3ms)
  Rendered /Users/Ralf/.rvm/gems/ruby-2.2.3@global/gems/web-console-2.2.1/lib/web_console/templates/_markup.html.erb (0.3ms)
  Rendered /Users/Ralf/.rvm/gems/ruby-2.2.3@global/gems/web-console-2.2.1/lib/web_console/templates/_inner_console_markup.html.erb within layouts/inlined_string (0.3ms)
  Rendered /Users/Ralf/.rvm/gems/ruby-2.2.3@global/gems/web-console-2.2.1/lib/web_console/templates/_prompt_box_markup.html.erb within layouts/inlined_string (0.4ms)
  Rendered /Users/Ralf/.rvm/gems/ruby-2.2.3@global/gems/web-console-2.2.1/lib/web_console/templates/style.css.erb within layouts/inlined_string (0.3ms)
  Rendered /Users/Ralf/.rvm/gems/ruby-2.2.3@global/gems/web-console-2.2.1/lib/web_console/templates/console.js.erb within layouts/javascript (40.8ms)
  Rendered /Users/Ralf/.rvm/gems/ruby-2.2.3@global/gems/web-console-2.2.1/lib/web_console/templates/main.js.erb within layouts/javascript (0.2ms)
  Rendered /Users/Ralf/.rvm/gems/ruby-2.2.3@global/gems/web-console-2.2.1/lib/web_console/templates/error_page.js.erb within layouts/javascript (0.3ms)
  Rendered /Users/Ralf/.rvm/gems/ruby-2.2.3@global/gems/web-console-2.2.1/lib/web_console/templates/index.html.erb (89.6ms)
PG::UndefinedTable: ERROR:  relation "term_taxonomy" does not exist
LINE 5:                WHERE a.attrelid = '"term_taxonomy"'::regclas...
                                          ^
:               SELECT a.attname, format_type(a.atttypid, a.atttypmod),
                     pg_get_expr(d.adbin, d.adrelid), a.attnotnull, a.atttypid, a.atttypmod
                FROM pg_attribute a LEFT JOIN pg_attrdef d
                  ON a.attrelid = d.adrelid AND a.attnum = d.adnum
               WHERE a.attrelid = '"term_taxonomy"'::regclass
                 AND a.attnum > 0 AND NOT a.attisdropped
               ORDER BY a.attnum

PG::UndefinedTable: ERROR:  relation "term_taxonomy" does not exist
LINE 5:                WHERE a.attrelid = '"term_taxonomy"'::regclas...
                                          ^
:               SELECT a.attname, format_type(a.atttypid, a.atttypmod),
                     pg_get_expr(d.adbin, d.adrelid), a.attnotnull, a.atttypid, a.atttypmod
                FROM pg_attribute a LEFT JOIN pg_attrdef d
                  ON a.attrelid = d.adrelid AND a.attnum = d.adnum
               WHERE a.attrelid = '"term_taxonomy"'::regclass
                 AND a.attnum > 0 AND NOT a.attisdropped
               ORDER BY a.attnum



Started GET "/" for ::1 at 2015-10-02 09:44:21 +0100
Processing by FrontendController#index as HTML
  Parameters: {"locale"=>""}
PG::UndefinedTable: ERROR:  relation "term_taxonomy" does not exist
LINE 5:                WHERE a.attrelid = '"term_taxonomy"'::regclas...
                                          ^
:               SELECT a.attname, format_type(a.atttypid, a.atttypmod),
                     pg_get_expr(d.adbin, d.adrelid), a.attnotnull, a.atttypid, a.atttypmod
                FROM pg_attribute a LEFT JOIN pg_attrdef d
                  ON a.attrelid = d.adrelid AND a.attnum = d.adnum
               WHERE a.attrelid = '"term_taxonomy"'::regclass
                 AND a.attnum > 0 AND NOT a.attisdropped
               ORDER BY a.attnum

Completed 500 Internal Server Error in 36ms (ActiveRecord: 35.4ms)

ActiveRecord::StatementInvalid (PG::UndefinedTable: ERROR:  relation "term_taxonomy" does not exist
LINE 5:                WHERE a.attrelid = '"term_taxonomy"'::regclas...
                                          ^
:               SELECT a.attname, format_type(a.atttypid, a.atttypmod),
                     pg_get_expr(d.adbin, d.adrelid), a.attnotnull, a.atttypid, a.atttypmod
                FROM pg_attribute a LEFT JOIN pg_attrdef d
                  ON a.attrelid = d.adrelid AND a.attnum = d.adnum
               WHERE a.attrelid = '"term_taxonomy"'::regclass
                 AND a.attnum > 0 AND NOT a.attisdropped
               ORDER BY a.attnum
):
  activerecord (4.2.4) lib/active_record/connection_adapters/postgresql_adapter.rb:596:in `async_exec'
  activerecord (4.2.4) lib/active_record/connection_adapters/postgresql_adapter.rb:596:in `block in exec_no_cache'
  activerecord (4.2.4) lib/active_record/connection_adapters/abstract_adapter.rb:473:in `block in log'
  activesupport (4.2.4) lib/active_support/notifications/instrumenter.rb:20:in `instrument'
  activerecord (4.2.4) lib/active_record/connection_adapters/abstract_adapter.rb:467:in `log'
  activerecord (4.2.4) lib/active_record/connection_adapters/postgresql_adapter.rb:596:in `exec_no_cache'
  activerecord (4.2.4) lib/active_record/connection_adapters/postgresql_adapter.rb:588:in `execute_and_clear'
  activerecord (4.2.4) lib/active_record/connection_adapters/postgresql/database_statements.rb:160:in `exec_query'
  activerecord (4.2.4) lib/active_record/connection_adapters/postgresql_adapter.rb:737:in `column_definitions'
  activerecord (4.2.4) lib/active_record/connection_adapters/postgresql/schema_statements.rb:186:in `columns'
  activerecord (4.2.4) lib/active_record/connection_adapters/schema_cache.rb:43:in `columns'
  activerecord (4.2.4) lib/active_record/attributes.rb:93:in `columns'
  activerecord (4.2.4) lib/active_record/attributes.rb:98:in `columns_hash'
  activerecord (4.2.4) lib/active_record/inheritance.rb:73:in `descends_from_active_record?'
  activerecord (4.2.4) lib/active_record/inheritance.rb:79:in `finder_needs_type_condition?'
  activerecord (4.2.4) lib/active_record/core.rb:256:in `relation'
  activerecord (4.2.4) lib/active_record/scoping/named.rb:33:in `default_scoped'
  activerecord (4.2.4) lib/active_record/scoping/named.rb:28:in `all'
  camaleon_cms (1.0.3) app/helpers/site_helper.rb:15:in `current_site'
  camaleon_cms (1.0.3) app/helpers/site_helper.rb:39:in `site_check_existence'
  activesupport (4.2.4) lib/active_support/callbacks.rb:432:in `block in make_lambda'
  activesupport (4.2.4) lib/active_support/callbacks.rb:164:in `call'
  activesupport (4.2.4) lib/active_support/callbacks.rb:164:in `block in halting'
  activesupport (4.2.4) lib/active_support/callbacks.rb:504:in `call'
  activesupport (4.2.4) lib/active_support/callbacks.rb:504:in `block in call'
  activesupport (4.2.4) lib/active_support/callbacks.rb:504:in `each'
  activesupport (4.2.4) lib/active_support/callbacks.rb:504:in `call'
  activesupport (4.2.4) lib/active_support/callbacks.rb:92:in `__run_callbacks__'
  activesupport (4.2.4) lib/active_support/callbacks.rb:778:in `_run_process_action_callbacks'
  activesupport (4.2.4) lib/active_support/callbacks.rb:81:in `run_callbacks'
  actionpack (4.2.4) lib/abstract_controller/callbacks.rb:19:in `process_action'
  actionpack (4.2.4) lib/action_controller/metal/rescue.rb:29:in `process_action'
  actionpack (4.2.4) lib/action_controller/metal/instrumentation.rb:32:in `block in process_action'
  activesupport (4.2.4) lib/active_support/notifications.rb:164:in `block in instrument'
  activesupport (4.2.4) lib/active_support/notifications/instrumenter.rb:20:in `instrument'
  activesupport (4.2.4) lib/active_support/notifications.rb:164:in `instrument'
  actionpack (4.2.4) lib/action_controller/metal/instrumentation.rb:30:in `process_action'
  actionpack (4.2.4) lib/action_controller/metal/params_wrapper.rb:250:in `process_action'
  activerecord (4.2.4) lib/active_record/railties/controller_runtime.rb:18:in `process_action'
  actionpack (4.2.4) lib/abstract_controller/base.rb:137:in `process'
  actionview (4.2.4) lib/action_view/rendering.rb:30:in `process'
  actionpack (4.2.4) lib/action_controller/metal.rb:196:in `dispatch'
  actionpack (4.2.4) lib/action_controller/metal/rack_delegation.rb:13:in `dispatch'
  actionpack (4.2.4) lib/action_controller/metal.rb:237:in `block in action'
  actionpack (4.2.4) lib/action_dispatch/routing/route_set.rb:76:in `call'
  actionpack (4.2.4) lib/action_dispatch/routing/route_set.rb:76:in `dispatch'
  actionpack (4.2.4) lib/action_dispatch/routing/route_set.rb:45:in `serve'
  actionpack (4.2.4) lib/action_dispatch/journey/router.rb:43:in `block in serve'
  actionpack (4.2.4) lib/action_dispatch/journey/router.rb:30:in `each'
  actionpack (4.2.4) lib/action_dispatch/journey/router.rb:30:in `serve'
  actionpack (4.2.4) lib/action_dispatch/routing/route_set.rb:821:in `call'
  rack (1.6.4) lib/rack/etag.rb:24:in `call'
  rack (1.6.4) lib/rack/conditionalget.rb:25:in `call'
  rack (1.6.4) lib/rack/head.rb:13:in `call'
  actionpack (4.2.4) lib/action_dispatch/middleware/params_parser.rb:27:in `call'
  actionpack (4.2.4) lib/action_dispatch/middleware/flash.rb:260:in `call'
  rack (1.6.4) lib/rack/session/abstract/id.rb:225:in `context'
  rack (1.6.4) lib/rack/session/abstract/id.rb:220:in `call'
  actionpack (4.2.4) lib/action_dispatch/middleware/cookies.rb:560:in `call'
  activerecord (4.2.4) lib/active_record/query_cache.rb:36:in `call'
  activerecord (4.2.4) lib/active_record/connection_adapters/abstract/connection_pool.rb:653:in `call'
  activerecord (4.2.4) lib/active_record/migration.rb:377:in `call'
  actionpack (4.2.4) lib/action_dispatch/middleware/callbacks.rb:29:in `block in call'
  activesupport (4.2.4) lib/active_support/callbacks.rb:88:in `__run_callbacks__'
  activesupport (4.2.4) lib/active_support/callbacks.rb:778:in `_run_call_callbacks'
  activesupport (4.2.4) lib/active_support/callbacks.rb:81:in `run_callbacks'
  actionpack (4.2.4) lib/action_dispatch/middleware/callbacks.rb:27:in `call'
  actionpack (4.2.4) lib/action_dispatch/middleware/reloader.rb:73:in `call'
  actionpack (4.2.4) lib/action_dispatch/middleware/remote_ip.rb:78:in `call'
  actionpack (4.2.4) lib/action_dispatch/middleware/debug_exceptions.rb:17:in `call'
  web-console (2.2.1) lib/web_console/middleware.rb:39:in `call'
  actionpack (4.2.4) lib/action_dispatch/middleware/show_exceptions.rb:30:in `call'
  railties (4.2.4) lib/rails/rack/logger.rb:38:in `call_app'
  railties (4.2.4) lib/rails/rack/logger.rb:20:in `block in call'
  activesupport (4.2.4) lib/active_support/tagged_logging.rb:68:in `block in tagged'
  activesupport (4.2.4) lib/active_support/tagged_logging.rb:26:in `tagged'
  activesupport (4.2.4) lib/active_support/tagged_logging.rb:68:in `tagged'
  railties (4.2.4) lib/rails/rack/logger.rb:20:in `call'
  request_store (1.2.0) lib/request_store/middleware.rb:8:in `call'
  actionpack (4.2.4) lib/action_dispatch/middleware/request_id.rb:21:in `call'
  rack (1.6.4) lib/rack/methodoverride.rb:22:in `call'
  rack (1.6.4) lib/rack/runtime.rb:18:in `call'
  activesupport (4.2.4) lib/active_support/cache/strategy/local_cache_middleware.rb:28:in `call'
  rack (1.6.4) lib/rack/lock.rb:17:in `call'
  actionpack (4.2.4) lib/action_dispatch/middleware/static.rb:116:in `call'
  rack (1.6.4) lib/rack/sendfile.rb:113:in `call'
  railties (4.2.4) lib/rails/engine.rb:518:in `call'
  railties (4.2.4) lib/rails/application.rb:165:in `call'
  rack (1.6.4) lib/rack/content_length.rb:15:in `call'
  puma (2.11.1) lib/puma/server.rb:507:in `handle_request'
  puma (2.11.1) lib/puma/server.rb:375:in `process_client'
  puma (2.11.1) lib/puma/server.rb:262:in `block in run'
  puma (2.11.1) lib/puma/thread_pool.rb:104:in `call'
  puma (2.11.1) lib/puma/thread_pool.rb:104:in `block in spawn_thread'


  Rendered /Users/Ralf/.rvm/gems/ruby-2.2.3@global/gems/actionpack-4.2.4/lib/action_dispatch/middleware/templates/rescues/_source.erb (3.9ms)
  Rendered /Users/Ralf/.rvm/gems/ruby-2.2.3@global/gems/actionpack-4.2.4/lib/action_dispatch/middleware/templates/rescues/_trace.html.erb (1.8ms)
  Rendered /Users/Ralf/.rvm/gems/ruby-2.2.3@global/gems/actionpack-4.2.4/lib/action_dispatch/middleware/templates/rescues/_request_and_response.html.erb (24.4ms)
  Rendered /Users/Ralf/.rvm/gems/ruby-2.2.3@global/gems/actionpack-4.2.4/lib/action_dispatch/middleware/templates/rescues/diagnostics.html.erb within rescues/layout (98.6ms)
  Rendered /Users/Ralf/.rvm/gems/ruby-2.2.3@global/gems/web-console-2.2.1/lib/web_console/templates/_markup.html.erb (0.3ms)
  Rendered /Users/Ralf/.rvm/gems/ruby-2.2.3@global/gems/web-console-2.2.1/lib/web_console/templates/_inner_console_markup.html.erb within layouts/inlined_string (0.3ms)
  Rendered /Users/Ralf/.rvm/gems/ruby-2.2.3@global/gems/web-console-2.2.1/lib/web_console/templates/_prompt_box_markup.html.erb within layouts/inlined_string (0.3ms)
  Rendered /Users/Ralf/.rvm/gems/ruby-2.2.3@global/gems/web-console-2.2.1/lib/web_console/templates/style.css.erb within layouts/inlined_string (0.3ms)
  Rendered /Users/Ralf/.rvm/gems/ruby-2.2.3@global/gems/web-console-2.2.1/lib/web_console/templates/console.js.erb within layouts/javascript (90.9ms)
  Rendered /Users/Ralf/.rvm/gems/ruby-2.2.3@global/gems/web-console-2.2.1/lib/web_console/templates/main.js.erb within layouts/javascript (0.3ms)
  Rendered /Users/Ralf/.rvm/gems/ruby-2.2.3@global/gems/web-console-2.2.1/lib/web_console/templates/error_page.js.erb within layouts/javascript (0.3ms)
  Rendered /Users/Ralf/.rvm/gems/ruby-2.2.3@global/gems/web-console-2.2.1/lib/web_console/templates/index.html.erb (237.1ms)
PG::UndefinedTable: ERROR:  relation "term_taxonomy" does not exist
LINE 5:                WHERE a.attrelid = '"term_taxonomy"'::regclas...
                                          ^
:               SELECT a.attname, format_type(a.atttypid, a.atttypmod),
                     pg_get_expr(d.adbin, d.adrelid), a.attnotnull, a.atttypid, a.atttypmod
                FROM pg_attribute a LEFT JOIN pg_attrdef d
                  ON a.attrelid = d.adrelid AND a.attnum = d.adnum
               WHERE a.attrelid = '"term_taxonomy"'::regclass
                 AND a.attnum > 0 AND NOT a.attisdropped
               ORDER BY a.attnum

PG::UndefinedTable: ERROR:  relation "term_taxonomy" does not exist
LINE 5:                WHERE a.attrelid = '"term_taxonomy"'::regclas...
                                          ^
:               SELECT a.attname, format_type(a.atttypid, a.atttypmod),
                     pg_get_expr(d.adbin, d.adrelid), a.attnotnull, a.atttypid, a.atttypmod
                FROM pg_attribute a LEFT JOIN pg_attrdef d
                  ON a.attrelid = d.adrelid AND a.attnum = d.adnum
               WHERE a.attrelid = '"term_taxonomy"'::regclass
                 AND a.attnum > 0 AND NOT a.attisdropped
               ORDER BY a.attnum

  [1m[36m (161.6ms)[0m  [1mCREATE TABLE "schema_migrations" ("version" character varying NOT NULL) [0m
  [1m[35m (1.0ms)[0m  CREATE UNIQUE INDEX  "unique_schema_migrations" ON "schema_migrations"  ("version")
  [1m[36mActiveRecord::SchemaMigration Load (20.7ms)[0m  [1mSELECT "schema_migrations".* FROM "schema_migrations"[0m
Migrating to PostTableIntoUtf8 (20150611161134)
  [1m[35m (0.1ms)[0m  BEGIN
DEPRECATION WARNING: `#timestamps` was called without specifying an option for `null`. In Rails 5, this behavior will change to `null: false`. You should manually specify `null: true` to prevent the behavior of your existing migrations from changing. (called from block in change at /Users/Ralf/.rvm/gems/ruby-2.2.3/gems/camaleon_cms-1.0.3/db/migrate/20150611161134_post_table_into_utf8.rb:16)
  [1m[36m (72.5ms)[0m  [1mCREATE TABLE "users" ("id" serial primary key, "username" character varying, "role" character varying DEFAULT 'client', "email" character varying, "slug" character varying, "password_digest" character varying, "auth_token" character varying, "password_reset_token" character varying, "parent_id" integer, "password_reset_sent_at" timestamp, "last_login_at" timestamp, "created_at" timestamp, "updated_at" timestamp, "site_id" integer DEFAULT -1) [0m
  [1m[35m (0.5ms)[0m  CREATE  INDEX  "index_users_on_username" ON "users"  ("username")
  [1m[36m (0.6ms)[0m  [1mCREATE  INDEX  "index_users_on_role" ON "users"  ("role")[0m
  [1m[35m (0.5ms)[0m  CREATE  INDEX  "index_users_on_email" ON "users"  ("email")
  [1m[36m (0.5ms)[0m  [1mCREATE  INDEX  "index_users_on_site_id" ON "users"  ("site_id")[0m
DEPRECATION WARNING: `#timestamps` was called without specifying an option for `null`. In Rails 5, this behavior will change to `null: false`. You should manually specify `null: true` to prevent the behavior of your existing migrations from changing. (called from block in change at /Users/Ralf/.rvm/gems/ruby-2.2.3/gems/camaleon_cms-1.0.3/db/migrate/20150611161134_post_table_into_utf8.rb:31)
  [1m[35m (1.9ms)[0m  CREATE TABLE "term_taxonomy" ("id" serial primary key, "taxonomy" character varying, "description" text, "parent_id" integer, "count" integer, "name" character varying, "slug" character varying, "term_group" integer, "term_order" integer, "status" character varying, "created_at" timestamp, "updated_at" timestamp, "user_id" integer) 
  [1m[36m (0.5ms)[0m  [1mCREATE  INDEX  "index_term_taxonomy_on_taxonomy" ON "term_taxonomy"  ("taxonomy")[0m
  [1m[35m (0.9ms)[0m  CREATE  INDEX  "index_term_taxonomy_on_parent_id" ON "term_taxonomy"  ("parent_id")
  [1m[36m (0.5ms)[0m  [1mCREATE  INDEX  "index_term_taxonomy_on_slug" ON "term_taxonomy"  ("slug")[0m
  [1m[35m (0.4ms)[0m  CREATE  INDEX  "index_term_taxonomy_on_term_order" ON "term_taxonomy"  ("term_order")
  [1m[36m (0.5ms)[0m  [1mCREATE  INDEX  "index_term_taxonomy_on_user_id" ON "term_taxonomy"  ("user_id")[0m
DEPRECATION WARNING: `#timestamps` was called without specifying an option for `null`. In Rails 5, this behavior will change to `null: false`. You should manually specify `null: true` to prevent the behavior of your existing migrations from changing. (called from block in change at /Users/Ralf/.rvm/gems/ruby-2.2.3/gems/camaleon_cms-1.0.3/db/migrate/20150611161134_post_table_into_utf8.rb:48)
  [1m[35m (2.0ms)[0m  CREATE TABLE "posts" ("id" serial primary key, "title" character varying, "slug" character varying, "content" text, "content_filtered" text, "status" character varying DEFAULT 'published', "comment_count" integer DEFAULT 0, "published_at" timestamp, "post_parent" integer, "visibility" character varying DEFAULT 'public', "visibility_value" text, "post_class" character varying DEFAULT 'Post', "created_at" timestamp, "updated_at" timestamp, "user_id" integer) 
  [1m[36m (1.4ms)[0m  [1mCREATE  INDEX  "index_posts_on_slug" ON "posts"  ("slug")[0m
  [1m[35m (15.6ms)[0m  CREATE  INDEX  "index_posts_on_status" ON "posts"  ("status")
  [1m[36m (1.0ms)[0m  [1mCREATE  INDEX  "index_posts_on_post_parent" ON "posts"  ("post_parent")[0m
  [1m[35m (0.6ms)[0m  CREATE  INDEX  "index_posts_on_post_class" ON "posts"  ("post_class")
  [1m[36m (0.5ms)[0m  [1mCREATE  INDEX  "index_posts_on_user_id" ON "posts"  ("user_id")[0m
  [1m[35m (1.3ms)[0m  CREATE TABLE "term_relationships" ("id" serial primary key, "objectid" integer, "term_order" integer, "term_taxonomy_id" integer) 
  [1m[36m (0.5ms)[0m  [1mCREATE  INDEX  "index_term_relationships_on_objectid" ON "term_relationships"  ("objectid")[0m
  [1m[35m (0.5ms)[0m  CREATE  INDEX  "index_term_relationships_on_term_order" ON "term_relationships"  ("term_order")
  [1m[36m (0.5ms)[0m  [1mCREATE  INDEX  "index_term_relationships_on_term_taxonomy_id" ON "term_relationships"  ("term_taxonomy_id")[0m
  [1m[35m (1.2ms)[0m  CREATE TABLE "user_relationships" ("id" serial primary key, "term_order" integer, "active" integer DEFAULT 1, "term_taxonomy_id" integer, "user_id" integer) 
  [1m[36m (0.5ms)[0m  [1mCREATE  INDEX  "index_user_relationships_on_term_taxonomy_id" ON "user_relationships"  ("term_taxonomy_id")[0m
  [1m[35m (0.5ms)[0m  CREATE  INDEX  "index_user_relationships_on_user_id" ON "user_relationships"  ("user_id")
DEPRECATION WARNING: `#timestamps` was called without specifying an option for `null`. In Rails 5, this behavior will change to `null: false`. You should manually specify `null: true` to prevent the behavior of your existing migrations from changing. (called from block in change at /Users/Ralf/.rvm/gems/ruby-2.2.3/gems/camaleon_cms-1.0.3/db/migrate/20150611161134_post_table_into_utf8.rb:78)
  [1m[36m (1.9ms)[0m  [1mCREATE TABLE "comments" ("id" serial primary key, "author" character varying, "author_email" character varying, "author_url" character varying, "author_IP" character varying, "content" text, "approved" character varying DEFAULT 'pending', "agent" character varying, "typee" character varying, "comment_parent" integer, "post_id" integer, "user_id" integer, "created_at" timestamp, "updated_at" timestamp) [0m
  [1m[35m (0.5ms)[0m  CREATE  INDEX  "index_comments_on_approved" ON "comments"  ("approved")
  [1m[36m (0.5ms)[0m  [1mCREATE  INDEX  "index_comments_on_comment_parent" ON "comments"  ("comment_parent")[0m
  [1m[35m (47.7ms)[0m  CREATE  INDEX  "index_comments_on_post_id" ON "comments"  ("post_id")
  [1m[36m (0.6ms)[0m  [1mCREATE  INDEX  "index_comments_on_user_id" ON "comments"  ("user_id")[0m
  [1m[35m (1.9ms)[0m  CREATE TABLE "custom_fields" ("id" serial primary key, "object_class" character varying, "name" character varying, "slug" character varying, "objectid" integer, "parent_id" integer, "field_order" integer, "count" integer DEFAULT 0, "is_repeat" boolean DEFAULT 'f', "description" text, "status" character varying) 
  [1m[36m (0.5ms)[0m  [1mCREATE  INDEX  "index_custom_fields_on_object_class" ON "custom_fields"  ("object_class")[0m
  [1m[35m (0.5ms)[0m  CREATE  INDEX  "index_custom_fields_on_slug" ON "custom_fields"  ("slug")
  [1m[36m (0.5ms)[0m  [1mCREATE  INDEX  "index_custom_fields_on_objectid" ON "custom_fields"  ("objectid")[0m
  [1m[35m (0.6ms)[0m  CREATE  INDEX  "index_custom_fields_on_parent_id" ON "custom_fields"  ("parent_id")
  [1m[36m (1.9ms)[0m  [1mCREATE TABLE "custom_fields_relationships" ("id" serial primary key, "objectid" integer, "custom_field_id" integer, "term_order" integer, "object_class" character varying, "value" text, "custom_field_slug" character varying) [0m
  [1m[35m (0.6ms)[0m  CREATE  INDEX  "index_custom_fields_relationships_on_objectid" ON "custom_fields_relationships"  ("objectid")
  [1m[36m (2.9ms)[0m  [1mCREATE  INDEX  "index_custom_fields_relationships_on_custom_field_id" ON "custom_fields_relationships"  ("custom_field_id")[0m
  [1m[35m (0.5ms)[0m  CREATE  INDEX  "index_custom_fields_relationships_on_object_class" ON "custom_fields_relationships"  ("object_class")
  [1m[36m (0.5ms)[0m  [1mCREATE  INDEX  "index_custom_fields_relationships_on_custom_field_slug" ON "custom_fields_relationships"  ("custom_field_slug")[0m
  [1m[35m (1.8ms)[0m  CREATE TABLE "metas" ("id" serial primary key, "key" character varying, "value" text, "objectid" integer, "object_class" character varying) 
  [1m[36m (0.5ms)[0m  [1mCREATE  INDEX  "index_metas_on_key" ON "metas"  ("key")[0m
  [1m[35m (0.5ms)[0m  CREATE  INDEX  "index_metas_on_objectid" ON "metas"  ("objectid")
  [1m[36m (0.5ms)[0m  [1mCREATE  INDEX  "index_metas_on_object_class" ON "metas"  ("object_class")[0m
  [1m[35mSQL (0.3ms)[0m  INSERT INTO "schema_migrations" ("version") VALUES ($1)  [["version", "20150611161134"]]
  [1m[36m (1.0ms)[0m  [1mCOMMIT[0m
Migrating to RenameColumnPosts (20150926095310)
  [1m[35m (30.8ms)[0m  BEGIN
  [1m[36m (24.3ms)[0m  [1mALTER TABLE "posts" DROP "comment_count"[0m
  [1m[35m (5.4ms)[0m  ALTER TABLE "posts" ADD "post_order" integer DEFAULT 0
  [1m[36m (0.2ms)[0m  [1mALTER TABLE "posts" ADD "taxonomy_id" integer[0m
  [1m[35mPost Load (32.9ms)[0m  SELECT "posts".* FROM "posts" WHERE "posts"."post_class" = $1  ORDER BY "posts"."post_order" ASC  [["post_class", "Post"]]
  [1m[36mSQL (0.1ms)[0m  [1mINSERT INTO "schema_migrations" ("version") VALUES ($1)[0m  [["version", "20150926095310"]]
  [1m[35m (0.9ms)[0m  COMMIT
  [1m[36mActiveRecord::SchemaMigration Load (0.1ms)[0m  [1mSELECT "schema_migrations".* FROM "schema_migrations"[0m
  [1m[35m (1.9ms)[0m  SELECT t2.oid::regclass::text AS to_table, a1.attname AS column, a2.attname AS primary_key, c.conname AS name, c.confupdtype AS on_update, c.confdeltype AS on_delete
FROM pg_constraint c
JOIN pg_class t1 ON c.conrelid = t1.oid
JOIN pg_class t2 ON c.confrelid = t2.oid
JOIN pg_attribute a1 ON a1.attnum = c.conkey[1] AND a1.attrelid = t1.oid
JOIN pg_attribute a2 ON a2.attnum = c.confkey[1] AND a2.attrelid = t2.oid
JOIN pg_namespace t3 ON c.connamespace = t3.oid
WHERE c.contype = 'f'
  AND t1.relname = 'comments'
  AND t3.nspname = ANY (current_schemas(false))
ORDER BY c.conname

  [1m[36m (1.3ms)[0m  [1mSELECT t2.oid::regclass::text AS to_table, a1.attname AS column, a2.attname AS primary_key, c.conname AS name, c.confupdtype AS on_update, c.confdeltype AS on_delete
FROM pg_constraint c
JOIN pg_class t1 ON c.conrelid = t1.oid
JOIN pg_class t2 ON c.confrelid = t2.oid
JOIN pg_attribute a1 ON a1.attnum = c.conkey[1] AND a1.attrelid = t1.oid
JOIN pg_attribute a2 ON a2.attnum = c.confkey[1] AND a2.attrelid = t2.oid
JOIN pg_namespace t3 ON c.connamespace = t3.oid
WHERE c.contype = 'f'
  AND t1.relname = 'custom_fields'
  AND t3.nspname = ANY (current_schemas(false))
ORDER BY c.conname
[0m
  [1m[35m (1.2ms)[0m  SELECT t2.oid::regclass::text AS to_table, a1.attname AS column, a2.attname AS primary_key, c.conname AS name, c.confupdtype AS on_update, c.confdeltype AS on_delete
FROM pg_constraint c
JOIN pg_class t1 ON c.conrelid = t1.oid
JOIN pg_class t2 ON c.confrelid = t2.oid
JOIN pg_attribute a1 ON a1.attnum = c.conkey[1] AND a1.attrelid = t1.oid
JOIN pg_attribute a2 ON a2.attnum = c.confkey[1] AND a2.attrelid = t2.oid
JOIN pg_namespace t3 ON c.connamespace = t3.oid
WHERE c.contype = 'f'
  AND t1.relname = 'custom_fields_relationships'
  AND t3.nspname = ANY (current_schemas(false))
ORDER BY c.conname

  [1m[36m (1.2ms)[0m  [1mSELECT t2.oid::regclass::text AS to_table, a1.attname AS column, a2.attname AS primary_key, c.conname AS name, c.confupdtype AS on_update, c.confdeltype AS on_delete
FROM pg_constraint c
JOIN pg_class t1 ON c.conrelid = t1.oid
JOIN pg_class t2 ON c.confrelid = t2.oid
JOIN pg_attribute a1 ON a1.attnum = c.conkey[1] AND a1.attrelid = t1.oid
JOIN pg_attribute a2 ON a2.attnum = c.confkey[1] AND a2.attrelid = t2.oid
JOIN pg_namespace t3 ON c.connamespace = t3.oid
WHERE c.contype = 'f'
  AND t1.relname = 'metas'
  AND t3.nspname = ANY (current_schemas(false))
ORDER BY c.conname
[0m
  [1m[35m (1.3ms)[0m  SELECT t2.oid::regclass::text AS to_table, a1.attname AS column, a2.attname AS primary_key, c.conname AS name, c.confupdtype AS on_update, c.confdeltype AS on_delete
FROM pg_constraint c
JOIN pg_class t1 ON c.conrelid = t1.oid
JOIN pg_class t2 ON c.confrelid = t2.oid
JOIN pg_attribute a1 ON a1.attnum = c.conkey[1] AND a1.attrelid = t1.oid
JOIN pg_attribute a2 ON a2.attnum = c.confkey[1] AND a2.attrelid = t2.oid
JOIN pg_namespace t3 ON c.connamespace = t3.oid
WHERE c.contype = 'f'
  AND t1.relname = 'posts'
  AND t3.nspname = ANY (current_schemas(false))
ORDER BY c.conname

  [1m[36m (1.3ms)[0m  [1mSELECT t2.oid::regclass::text AS to_table, a1.attname AS column, a2.attname AS primary_key, c.conname AS name, c.confupdtype AS on_update, c.confdeltype AS on_delete
FROM pg_constraint c
JOIN pg_class t1 ON c.conrelid = t1.oid
JOIN pg_class t2 ON c.confrelid = t2.oid
JOIN pg_attribute a1 ON a1.attnum = c.conkey[1] AND a1.attrelid = t1.oid
JOIN pg_attribute a2 ON a2.attnum = c.confkey[1] AND a2.attrelid = t2.oid
JOIN pg_namespace t3 ON c.connamespace = t3.oid
WHERE c.contype = 'f'
  AND t1.relname = 'term_relationships'
  AND t3.nspname = ANY (current_schemas(false))
ORDER BY c.conname
[0m
  [1m[35m (1.2ms)[0m  SELECT t2.oid::regclass::text AS to_table, a1.attname AS column, a2.attname AS primary_key, c.conname AS name, c.confupdtype AS on_update, c.confdeltype AS on_delete
FROM pg_constraint c
JOIN pg_class t1 ON c.conrelid = t1.oid
JOIN pg_class t2 ON c.confrelid = t2.oid
JOIN pg_attribute a1 ON a1.attnum = c.conkey[1] AND a1.attrelid = t1.oid
JOIN pg_attribute a2 ON a2.attnum = c.confkey[1] AND a2.attrelid = t2.oid
JOIN pg_namespace t3 ON c.connamespace = t3.oid
WHERE c.contype = 'f'
  AND t1.relname = 'term_taxonomy'
  AND t3.nspname = ANY (current_schemas(false))
ORDER BY c.conname

  [1m[36m (1.2ms)[0m  [1mSELECT t2.oid::regclass::text AS to_table, a1.attname AS column, a2.attname AS primary_key, c.conname AS name, c.confupdtype AS on_update, c.confdeltype AS on_delete
FROM pg_constraint c
JOIN pg_class t1 ON c.conrelid = t1.oid
JOIN pg_class t2 ON c.confrelid = t2.oid
JOIN pg_attribute a1 ON a1.attnum = c.conkey[1] AND a1.attrelid = t1.oid
JOIN pg_attribute a2 ON a2.attnum = c.confkey[1] AND a2.attrelid = t2.oid
JOIN pg_namespace t3 ON c.connamespace = t3.oid
WHERE c.contype = 'f'
  AND t1.relname = 'user_relationships'
  AND t3.nspname = ANY (current_schemas(false))
ORDER BY c.conname
[0m
  [1m[35m (1.2ms)[0m  SELECT t2.oid::regclass::text AS to_table, a1.attname AS column, a2.attname AS primary_key, c.conname AS name, c.confupdtype AS on_update, c.confdeltype AS on_delete
FROM pg_constraint c
JOIN pg_class t1 ON c.conrelid = t1.oid
JOIN pg_class t2 ON c.confrelid = t2.oid
JOIN pg_attribute a1 ON a1.attnum = c.conkey[1] AND a1.attrelid = t1.oid
JOIN pg_attribute a2 ON a2.attnum = c.confkey[1] AND a2.attrelid = t2.oid
JOIN pg_namespace t3 ON c.connamespace = t3.oid
WHERE c.contype = 'f'
  AND t1.relname = 'users'
  AND t3.nspname = ANY (current_schemas(false))
ORDER BY c.conname

  [1m[36mSQL (0.6ms)[0m  [1mSELECT "term_taxonomy"."id" AS t0_r0, "term_taxonomy"."taxonomy" AS t0_r1, "term_taxonomy"."description" AS t0_r2, "term_taxonomy"."parent_id" AS t0_r3, "term_taxonomy"."count" AS t0_r4, "term_taxonomy"."name" AS t0_r5, "term_taxonomy"."slug" AS t0_r6, "term_taxonomy"."term_group" AS t0_r7, "term_taxonomy"."term_order" AS t0_r8, "term_taxonomy"."status" AS t0_r9, "term_taxonomy"."created_at" AS t0_r10, "term_taxonomy"."updated_at" AS t0_r11, "term_taxonomy"."user_id" AS t0_r12, "metas"."id" AS t1_r0, "metas"."key" AS t1_r1, "metas"."value" AS t1_r2, "metas"."objectid" AS t1_r3, "metas"."object_class" AS t1_r4 FROM "term_taxonomy" LEFT OUTER JOIN "metas" ON "metas"."objectid" = "term_taxonomy"."id" AND "metas"."object_class" = $1 WHERE "term_taxonomy"."taxonomy" = $2  ORDER BY "term_taxonomy"."term_group" DESC[0m  [["object_class", "Site"], ["taxonomy", "site"]]
  [1m[35mSite Load (0.2ms)[0m  SELECT "term_taxonomy".* FROM "term_taxonomy" WHERE "term_taxonomy"."taxonomy" = $1  ORDER BY "term_taxonomy"."term_group" DESC  [["taxonomy", "site"]]


Started GET "/" for ::1 at 2015-10-02 09:45:23 +0100
Processing by FrontendController#index as HTML
  Parameters: {"locale"=>""}
  [1m[36m (0.2ms)[0m  [1mSELECT COUNT(*) FROM "term_taxonomy" WHERE "term_taxonomy"."taxonomy" = $1[0m  [["taxonomy", "site"]]
  [1m[35mSite Load (0.2ms)[0m  SELECT  "term_taxonomy".* FROM "term_taxonomy" WHERE "term_taxonomy"."taxonomy" = $1 AND "term_taxonomy"."slug" = 'localhost:3000'  ORDER BY "term_taxonomy"."term_group" DESC LIMIT 1  [["taxonomy", "site"]]
  [1m[36mSite Load (0.1ms)[0m  [1mSELECT  "term_taxonomy".* FROM "term_taxonomy" WHERE "term_taxonomy"."taxonomy" = $1  ORDER BY "term_taxonomy"."term_group" DESC LIMIT 1[0m  [["taxonomy", "site"]]
Redirected to http://localhost:3000/admin/installers
Filter chain halted as :site_check_existence rendered or redirected
Completed 302 Found in 6ms (ActiveRecord: 1.2ms)


Started GET "/admin/installers" for ::1 at 2015-10-02 09:45:23 +0100
Processing by Admin::InstallersController#index as HTML
  [1m[35m (0.2ms)[0m  SELECT COUNT(*) FROM "term_taxonomy" WHERE "term_taxonomy"."taxonomy" = $1  [["taxonomy", "site"]]
  [1m[36mSite Load (0.2ms)[0m  [1mSELECT  "term_taxonomy".* FROM "term_taxonomy" WHERE "term_taxonomy"."taxonomy" = $1 AND "term_taxonomy"."slug" = 'localhost:3000'  ORDER BY "term_taxonomy"."term_group" DESC LIMIT 1[0m  [["taxonomy", "site"]]
  [1m[35mCACHE (0.0ms)[0m  SELECT COUNT(*) FROM "term_taxonomy" WHERE "term_taxonomy"."taxonomy" = $1  [["taxonomy", :site]]
  Rendered /Users/Ralf/.rvm/gems/ruby-2.2.3/gems/camaleon_cms-1.0.3/app/views/layouts/admin/_form_error.html.erb (1.7ms)
  Rendered /Users/Ralf/.rvm/gems/ruby-2.2.3/gems/camaleon_cms-1.0.3/app/views/admin/installers/form.html.erb within layouts/login (254.1ms)
Completed 200 OK in 3019ms (Views: 2997.8ms | ActiveRecord: 0.4ms)


Started GET "/assets/bootstrap.min.self-c1947fa1df906038f8f0ef675536f7a3b5b7d6a2d724a3eb26360d8cf36cb59b.css?body=1" for ::1 at 2015-10-02 09:45:26 +0100


Started GET "/assets/admin/lte/admin.self-774965330272e1941c6828cec65e18df3c10b02aeb2ba05409da4635196ceed2.css?body=1" for ::1 at 2015-10-02 09:45:26 +0100


Started GET "/assets/admin/custom_admin.self-55ce45920d98813cce8b2e4f2d4667b696f7020a0d00967ad5f5b95c23df8384.css?body=1" for ::1 at 2015-10-02 09:45:26 +0100


Started GET "/assets/admin/lte/skins/skin-blue.self-eb7e8a62058475e3feae6d1218bf6eda3736a51e4fbabaf3d77d7578f6c3282d.css?body=1" for ::1 at 2015-10-02 09:45:26 +0100


Started GET "/assets/jquery.self-a714331225dda820228db323939889f149aec0127aeb06255646b616ba1ca419.js?body=1" for ::1 at 2015-10-02 09:45:26 +0100


Started GET "/assets/admin/admin-basic-manifest.self-0778144d1b49e448b7ba31664788157f0e9c7b6aea5563fbe16beeb155d37e17.css?body=1" for ::1 at 2015-10-02 09:45:26 +0100


Started GET "/assets/bootstrap.min.self-d66e555f160df017adf1ca16a36cd609a36d49c51637e365c5b8847d0065fa40.js?body=1" for ::1 at 2015-10-02 09:45:26 +0100


Started GET "/assets/admin/jquery.validate.self-b11b6a7af848f920085c7f0a9e5e24c388dce651468a8d20fe7a501c2f2242db.js?body=1" for ::1 at 2015-10-02 09:45:26 +0100


Started GET "/assets/admin/admin-basic-manifest.self-6a3cf5192354f71615ac51034b3e97c20eda99643fcaf5bbe6d41ad59bd12167.js?body=1" for ::1 at 2015-10-02 09:45:26 +0100
  [1m[36mSQL (0.5ms)[0m  [1mSELECT "term_taxonomy"."id" AS t0_r0, "term_taxonomy"."taxonomy" AS t0_r1, "term_taxonomy"."description" AS t0_r2, "term_taxonomy"."parent_id" AS t0_r3, "term_taxonomy"."count" AS t0_r4, "term_taxonomy"."name" AS t0_r5, "term_taxonomy"."slug" AS t0_r6, "term_taxonomy"."term_group" AS t0_r7, "term_taxonomy"."term_order" AS t0_r8, "term_taxonomy"."status" AS t0_r9, "term_taxonomy"."created_at" AS t0_r10, "term_taxonomy"."updated_at" AS t0_r11, "term_taxonomy"."user_id" AS t0_r12, "metas"."id" AS t1_r0, "metas"."key" AS t1_r1, "metas"."value" AS t1_r2, "metas"."objectid" AS t1_r3, "metas"."object_class" AS t1_r4 FROM "term_taxonomy" LEFT OUTER JOIN "metas" ON "metas"."objectid" = "term_taxonomy"."id" AND "metas"."object_class" = $1 WHERE "term_taxonomy"."taxonomy" = $2  ORDER BY "term_taxonomy"."term_group" DESC[0m  [["object_class", "Site"], ["taxonomy", "site"]]
  [1m[35mSite Load (0.2ms)[0m  SELECT "term_taxonomy".* FROM "term_taxonomy" WHERE "term_taxonomy"."taxonomy" = $1  ORDER BY "term_taxonomy"."term_group" DESC  [["taxonomy", "site"]]
  [1m[36mSQL (0.5ms)[0m  [1mSELECT "term_taxonomy"."id" AS t0_r0, "term_taxonomy"."taxonomy" AS t0_r1, "term_taxonomy"."description" AS t0_r2, "term_taxonomy"."parent_id" AS t0_r3, "term_taxonomy"."count" AS t0_r4, "term_taxonomy"."name" AS t0_r5, "term_taxonomy"."slug" AS t0_r6, "term_taxonomy"."term_group" AS t0_r7, "term_taxonomy"."term_order" AS t0_r8, "term_taxonomy"."status" AS t0_r9, "term_taxonomy"."created_at" AS t0_r10, "term_taxonomy"."updated_at" AS t0_r11, "term_taxonomy"."user_id" AS t0_r12, "metas"."id" AS t1_r0, "metas"."key" AS t1_r1, "metas"."value" AS t1_r2, "metas"."objectid" AS t1_r3, "metas"."object_class" AS t1_r4 FROM "term_taxonomy" LEFT OUTER JOIN "metas" ON "metas"."objectid" = "term_taxonomy"."id" AND "metas"."object_class" = $1 WHERE "term_taxonomy"."taxonomy" = $2  ORDER BY "term_taxonomy"."term_group" DESC[0m  [["object_class", "Site"], ["taxonomy", "site"]]
  [1m[35mSite Load (0.2ms)[0m  SELECT "term_taxonomy".* FROM "term_taxonomy" WHERE "term_taxonomy"."taxonomy" = $1  ORDER BY "term_taxonomy"."term_group" DESC  [["taxonomy", "site"]]


Started GET "/" for ::1 at 2015-10-04 00:27:01 +0100
Processing by FrontendController#index as HTML
  Parameters: {"locale"=>""}
  [1m[36m (0.2ms)[0m  [1mSELECT COUNT(*) FROM "term_taxonomy" WHERE "term_taxonomy"."taxonomy" = $1[0m  [["taxonomy", "site"]]
  [1m[35mSite Load (0.2ms)[0m  SELECT  "term_taxonomy".* FROM "term_taxonomy" WHERE "term_taxonomy"."taxonomy" = $1 AND "term_taxonomy"."slug" = 'localhost:3000'  ORDER BY "term_taxonomy"."term_group" DESC LIMIT 1  [["taxonomy", "site"]]
  [1m[36mSite Load (0.1ms)[0m  [1mSELECT  "term_taxonomy".* FROM "term_taxonomy" WHERE "term_taxonomy"."taxonomy" = $1  ORDER BY "term_taxonomy"."term_group" DESC LIMIT 1[0m  [["taxonomy", "site"]]
Redirected to http://localhost:3000/admin/installers
Filter chain halted as :site_check_existence rendered or redirected
Completed 302 Found in 6ms (ActiveRecord: 1.3ms)


Started GET "/admin/installers" for ::1 at 2015-10-04 00:27:01 +0100
Processing by Admin::InstallersController#index as HTML
  [1m[35m (0.2ms)[0m  SELECT COUNT(*) FROM "term_taxonomy" WHERE "term_taxonomy"."taxonomy" = $1  [["taxonomy", "site"]]
  [1m[36mSite Load (0.2ms)[0m  [1mSELECT  "term_taxonomy".* FROM "term_taxonomy" WHERE "term_taxonomy"."taxonomy" = $1 AND "term_taxonomy"."slug" = 'localhost:3000'  ORDER BY "term_taxonomy"."term_group" DESC LIMIT 1[0m  [["taxonomy", "site"]]
  [1m[35mCACHE (0.0ms)[0m  SELECT COUNT(*) FROM "term_taxonomy" WHERE "term_taxonomy"."taxonomy" = $1  [["taxonomy", :site]]
  Rendered /Users/Ralf/.rvm/gems/ruby-2.2.3/gems/camaleon_cms-1.0.3/app/views/layouts/admin/_form_error.html.erb (16.9ms)
  Rendered /Users/Ralf/.rvm/gems/ruby-2.2.3/gems/camaleon_cms-1.0.3/app/views/admin/installers/form.html.erb within layouts/login (161.9ms)
Completed 200 OK in 434ms (Views: 411.4ms | ActiveRecord: 0.4ms)
